[debug] [2023-07-21T12:01:05.465Z] ----------------------------------------------------------------------
[debug] [2023-07-21T12:01:05.466Z] Command:       C:\Program Files\nodejs\node.exe C:\Users\marel\AppData\Roaming\npm\node_modules\firebase-tools\lib\bin\firebase.js init
[debug] [2023-07-21T12:01:05.466Z] CLI Version:   12.4.5
[debug] [2023-07-21T12:01:05.467Z] Platform:      win32
[debug] [2023-07-21T12:01:05.467Z] Node Version:  v16.16.0
[debug] [2023-07-21T12:01:05.467Z] Time:          Fri Jul 21 2023 17:31:05 GMT+0530 (India Standard Time)
[debug] [2023-07-21T12:01:05.467Z] ----------------------------------------------------------------------
[debug] 
[debug] [2023-07-21T12:01:05.524Z] > command requires scopes: ["email","openid","https://www.googleapis.com/auth/cloudplatformprojects.readonly","https://www.googleapis.com/auth/firebase","https://www.googleapis.com/auth/cloud-platform"]
[debug] [2023-07-21T12:01:05.525Z] > authorizing via signed-in user (roladhi81@gmail.com)
[info] 
     ######## #### ########  ######## ########     ###     ######  ########
     ##        ##  ##     ## ##       ##     ##  ##   ##  ##       ##
     ######    ##  ########  ######   ########  #########  ######  ######
     ##        ##  ##    ##  ##       ##     ## ##     ##       ## ##
     ##       #### ##     ## ######## ########  ##     ##  ######  ########

You're about to initialize a Firebase project in this directory:

  C:\Users\marel\Downloads\olx-main\olx-main

Before we get started, keep in mind:

  * You are initializing within an existing Firebase project directory

[info] 
=== Project Setup
[info] 
[info] First, let's associate this project directory with a Firebase project.
[info] You can create multiple project aliases by running firebase use --add, 
[info] but for now we'll just set up a default project.
[info] 
[debug] [2023-07-21T12:01:37.310Z] Using project from CLI flag: olx-sijeesh
[debug] [2023-07-21T12:01:37.312Z] >>> [apiv2][query] GET https://firebase.googleapis.com/v1beta1/projects/olx-sijeesh [none]
[debug] [2023-07-21T12:01:37.852Z] <<< [apiv2][status] GET https://firebase.googleapis.com/v1beta1/projects/olx-sijeesh 403
[debug] [2023-07-21T12:01:37.852Z] <<< [apiv2][body] GET https://firebase.googleapis.com/v1beta1/projects/olx-sijeesh {"error":{"code":403,"message":"The caller does not have permission","status":"PERMISSION_DENIED"}}
[debug] [2023-07-21T12:01:37.853Z] HTTP Error: 403, The caller does not have permission
[debug] [2023-07-21T12:01:38.045Z] FirebaseError: HTTP Error: 403, The caller does not have permission
    at responseToError (C:\Users\marel\AppData\Roaming\npm\node_modules\firebase-tools\lib\responseToError.js:49:12)
    at RetryOperation._fn (C:\Users\marel\AppData\Roaming\npm\node_modules\firebase-tools\lib\apiv2.js:285:77)
    at processTicksAndRejections (node:internal/process/task_queues:96:5)
[error] 
[error] Error: Failed to get Firebase project olx-sijeesh. Please make sure the project exists and your account has permission to access it.
